Mar 25, 2020 11:13:26.082 [0x7faf4ece1700] INFO - Plex Tuner Service v1.0.0.0 - Docker Docker Container x86_64 - build: 
Mar 25, 2020 11:13:26.083 [0x7faf4ece1700] INFO - Linux version: 5.5.11-arch1-1 (#1 SMP PREEMPT Sun, 22 Mar 2020 16:33:15 +0000), language: C
Mar 25, 2020 11:13:26.084 [0x7faf4ece1700] INFO - Processor        Intel(R) Xeon(R) CPU E5-2630 0 @ 2.30GHz
Mar 25, 2020 11:13:26.084 [0x7faf4ece1700] INFO - /usr/lib/plexmediaserver/Plex Tuner Service /usr/lib/plexmediaserver/Resources/Tuner/Private /usr/lib/plexmediaserver/Resources/Tuner/Shared 1.18.9.2571-e106a8a91 32600 /waitmutex
Mar 25, 2020 11:13:25.772 [0x7faf53dae740] INFO - [I] broker_t::start...
Mar 25, 2020 11:13:25.775 [0x7faf53dae740] INFO - [I] device_manager_t::init.
Mar 25, 2020 11:13:25.775 [0x7faf53dae740] INFO - [I] device_manager_t::init. Initialize provider manager
Mar 25, 2020 11:13:25.776 [0x7faf53dae740] INFO - [I] device_manager_t::init. Initialize all device auxes
Mar 25, 2020 11:13:25.776 [0x7faf53dae740] INFO - [I] dvb_device_factory_t::get_aux_list
Mar 25, 2020 11:13:25.776 [0x7faf53dae740] INFO - [I] tvbutler_aux_t::init
Mar 25, 2020 11:13:25.776 [0x7faf53dae740] INFO - [I] web_server_t::start. Starting web server on port 32600
Mar 25, 2020 11:13:29.459 [0x7faf4dcdf700] INFO - [I] web_service_t::process_device_discovery
Mar 25, 2020 11:13:29.460 [0x7faf4dcdf700] INFO - [I] device_reactor_t::get_device_list ()
Mar 25, 2020 11:13:29.460 [0x7faf4dcdf700] INFO - [I] dvb_device_factory_t::get_device_list ()
Mar 25, 2020 11:13:31.464 [0x7faf4dcdf700] INFO - [I] SAT2IP - discover_satip_servers(): no servers found
Mar 25, 2020 11:13:31.869 [0x7faf4dcdf700] INFO - [I] v4l::DeviceGetList_impl. getting v4l device list
Mar 25, 2020 11:13:31.872 [0x7faf4dcdf700] INFO - [I] onetv_factory::DeviceGetListEx >>
Mar 25, 2020 11:13:31.872 [0x7faf4dcdf700] WARN - [W] onetv_factory::DeviceGetListEx. libusb_init returned an error -99
Mar 26, 2020 11:02:05.230 [0x7faf53dae740] DEBUG - Unable to lock named mutex F8EEB26D-AB23-4061-8250-130AB5285A4A: Interrupted system call
Mar 26, 2020 11:02:05.231 [0x7faf53dae740] INFO - [I] device_manager_t::term
Mar 26, 2020 11:02:05.231 [0x7faf53dae740] INFO - [I] device_manager_t::term. Stop all devices
Mar 26, 2020 11:02:05.231 [0x7faf53dae740] INFO - [I] device_manager_t::term. Shut down all device auxes
Mar 26, 2020 11:02:05.231 [0x7faf53dae740] INFO - [I] tvbutler_aux_t::term
Mar 26, 2020 11:02:05.232 [0x7faf53dae740] INFO - [I] web_server_t::stop. Web server is stopped
Mar 26, 2020 11:02:05.232 [0x7faf53dae740] INFO - [I] device_manager_t::term
Mar 26, 2020 11:02:05.232 [0x7faf53dae740] INFO - [I] device_manager_t::term. Stop all devices
Mar 26, 2020 11:02:05.232 [0x7faf53dae740] INFO - [I] device_manager_t::term. Shut down all device auxes
Mar 26, 2020 11:02:05.232 [0x7faf53dae740] INFO - [I] broker_t::shutdown. Shutdown is completed.
